<?xml version="1.0" encoding="UTF-8"?>
<!-- Generated by org.testng.reporters.JUnitReportReporter -->
<testsuite hostname="Amits-MacBook-Air.local" failures="0" tests="2" name="Muthanjay.FirstTest" time="7.580" errors="0" timestamp="20 May 2020 01:14:29 GMT">
  <testcase classname="Muthanjay.FirstTest" name="myfirstTestcase" time="7.571"/>
  <testcase classname="Muthanjay.FirstTest" name="mysecondTestcase" time="0.009"/>
</testsuite> <!-- Muthanjay.FirstTest -->
