<?xml version="1.0" encoding="UTF-8"?>
<!-- Generated by org.testng.reporters.JUnitReportReporter -->
<testsuite hostname="Amits-MacBook-Air.local" name="Muthanjay.FirstTest" tests="2" failures="0" timestamp="20 May 2020 01:16:33 GMT" time="6.251" errors="0">
  <testcase name="myfirstTestcase" time="6.250" classname="Muthanjay.FirstTest"/>
  <testcase name="mysecondTestcase" time="0.001" classname="Muthanjay.FirstTest"/>
</testsuite> <!-- Muthanjay.FirstTest -->
